<?xml version="1.0" encoding="UTF-8"?>
<testng-results skipped="0" failed="0" total="1" passed="1">
  <reporter-output>
  </reporter-output>
  <suite name="Suite" duration-ms="8587" started-at="2019-07-29T12:29:08Z" finished-at="2019-07-29T12:29:17Z">
    <groups>
    </groups>
    <test name="Test" duration-ms="8587" started-at="2019-07-29T12:29:08Z" finished-at="2019-07-29T12:29:17Z">
      <class name="jenkinsdemo.program">
        <test-method status="PASS" signature="ab()[pri:0, instance:jenkinsdemo.program@270421f5]" name="ab" duration-ms="8577" started-at="2019-07-29T17:59:08Z" finished-at="2019-07-29T17:59:17Z">
          <reporter-output>
          </reporter-output>
        </test-method> <!-- ab -->
      </class> <!-- jenkinsdemo.program -->
    </test> <!-- Test -->
  </suite> <!-- Suite -->
</testng-results>
