<?xml version="1.0" encoding="UTF-8"?>
<testng-results skipped="0" failed="0" total="2" passed="2">
  <reporter-output>
  </reporter-output>
  <suite name="Suite" duration-ms="13240" started-at="2019-07-30T06:40:18Z" finished-at="2019-07-30T06:40:32Z">
    <groups>
    </groups>
    <test name="Test" duration-ms="13240" started-at="2019-07-30T06:40:18Z" finished-at="2019-07-30T06:40:32Z">
      <class name="jenkinsdemo_xml_git.program2">
        <test-method status="PASS" signature="ab()[pri:0, instance:jenkinsdemo_xml_git.program2@5c0369c4]" name="ab" duration-ms="6721" started-at="2019-07-30T12:10:25Z" finished-at="2019-07-30T12:10:32Z">
          <reporter-output>
          </reporter-output>
        </test-method> <!-- ab -->
      </class> <!-- jenkinsdemo_xml_git.program2 -->
      <class name="jenkinsdemo_xml_git.program">
        <test-method status="PASS" signature="ab()[pri:0, instance:jenkinsdemo_xml_git.program@52d455b8]" name="ab" duration-ms="6512" started-at="2019-07-30T12:10:18Z" finished-at="2019-07-30T12:10:25Z">
          <reporter-output>
          </reporter-output>
        </test-method> <!-- ab -->
      </class> <!-- jenkinsdemo_xml_git.program -->
    </test> <!-- Test -->
  </suite> <!-- Suite -->
</testng-results>
